Build started 12/17/2017 2:09:31 PM.
     1>Project "C:\Users\Dennis\Desktop\HW\SJSU\CS144\project\stage 1\Project1 - Copy - Copy\Project1.vcxproj" on node 2 (Build target(s)).
     1>ClCompile:
         E:\Programs\Microsoft Visual Studio 12.0\VC\bin\CL.exe /c /Zi /nologo /W3 /WX- /sdl /O2 /Oi /Oy- /GL /D _MBCS /Gm- /EHsc /MD /GS /Gy /fp:precise /Zc:wchar_t /Zc:forScope /Fo"Release\\" /Fd"Release\vc120.pdb" /Gd /TP /analyze- /errorReport:prompt NeuralNetwork.cpp
         NeuralNetwork.cpp
     1>NeuralNetwork.cpp(18): warning C4244: 'argument' : conversion from 'time_t' to 'unsigned int', possible loss of data
     1>NeuralNetwork.cpp(64): warning C4244: 'argument' : conversion from 'time_t' to 'unsigned int', possible loss of data
     1>NeuralNetwork.cpp(105): warning C4244: 'argument' : conversion from 'double' to 'int', possible loss of data
     1>NeuralNetwork.cpp(109): warning C4244: 'argument' : conversion from 'double' to 'int', possible loss of data
       Link:
         E:\Programs\Microsoft Visual Studio 12.0\VC\bin\link.exe /ERRORREPORT:PROMPT /OUT:"C:\Users\Dennis\Desktop\HW\SJSU\CS144\project\stage 1\Project1 - Copy - Copy\Release\Project1.exe" /NOLOGO kernel32.lib user32.lib gdi32.lib winspool.lib comdlg32.lib advapi32.lib shell32.lib ole32.lib oleaut32.lib uuid.lib odbc32.lib odbccp32.lib /MANIFEST /MANIFESTUAC:"level='asInvoker' uiAccess='false'" /manifest:embed /DEBUG /PDB:"C:\Users\Dennis\Desktop\HW\SJSU\CS144\project\stage 1\Project1 - Copy - Copy\Release\Project1.pdb" /OPT:REF /OPT:ICF /LTCG /TLBID:1 /DYNAMICBASE /NXCOMPAT /IMPLIB:"C:\Users\Dennis\Desktop\HW\SJSU\CS144\project\stage 1\Project1 - Copy - Copy\Release\Project1.lib" /MACHINE:X86 /SAFESEH Release\InvalidMatrixSizeException.obj
         Release\main.obj
         Release\Matrix.obj
         Release\NeuralNetwork.obj
         Generating code
         Finished generating code
         Project1.vcxproj -> C:\Users\Dennis\Desktop\HW\SJSU\CS144\project\stage 1\Project1 - Copy - Copy\Release\Project1.exe
     1>Done Building Project "C:\Users\Dennis\Desktop\HW\SJSU\CS144\project\stage 1\Project1 - Copy - Copy\Project1.vcxproj" (Build target(s)).

Build succeeded.

Time Elapsed 00:00:01.42
